  main.cpp
  Worker.cpp
c:\users\user\desktop\today4thyearproj\4thyearproj\ai_lab1\ai_lab1\worker.cpp(14): warning C4305: 'argument': truncation from 'double' to 'float'
  Player.cpp
c:\users\user\desktop\today4thyearproj\4thyearproj\ai_lab1\ai_lab1\player.cpp(27): warning C4244: 'return': conversion from 'double' to 'float', possible loss of data
c:\users\user\desktop\today4thyearproj\4thyearproj\ai_lab1\ai_lab1\player.cpp(58): warning C4244: 'argument': conversion from 'double' to 'float', possible loss of data
c:\users\user\desktop\today4thyearproj\4thyearproj\ai_lab1\ai_lab1\player.cpp(63): warning C4244: 'argument': conversion from 'double' to 'float', possible loss of data
c:\users\user\desktop\today4thyearproj\4thyearproj\ai_lab1\ai_lab1\player.cpp(141): warning C4244: 'argument': conversion from 'double' to 'float', possible loss of data
  Game.cpp
c:\users\user\desktop\today4thyearproj\4thyearproj\ai_lab1\ai_lab1\game.cpp(13): warning C4244: 'argument': conversion from 'unsigned int' to 'float', possible loss of data
c:\users\user\desktop\today4thyearproj\4thyearproj\ai_lab1\ai_lab1\game.cpp(34): warning C4244: 'argument': conversion from 'time_t' to 'unsigned int', possible loss of data
c:\users\user\desktop\today4thyearproj\4thyearproj\ai_lab1\ai_lab1\game.cpp(53): warning C4244: 'argument': conversion from 'unsigned int' to 'float', possible loss of data
c:\users\user\desktop\today4thyearproj\4thyearproj\ai_lab1\ai_lab1\game.cpp(116): warning C4267: 'argument': conversion from 'size_t' to 'int', possible loss of data
c:\users\user\desktop\today4thyearproj\4thyearproj\ai_lab1\ai_lab1\game.cpp(117): warning C4244: 'argument': conversion from 'int' to 'float', possible loss of data
c:\users\user\desktop\today4thyearproj\4thyearproj\ai_lab1\ai_lab1\game.cpp(125): warning C4244: 'argument': conversion from 'int' to 'float', possible loss of data
c:\users\user\desktop\today4thyearproj\4thyearproj\ai_lab1\ai_lab1\game.cpp(131): warning C4554: '&': check operator precedence for possible error; use parentheses to clarify precedence
c:\users\user\desktop\today4thyearproj\4thyearproj\ai_lab1\ai_lab1\game.cpp(226): warning C4244: 'argument': conversion from 'int' to 'float', possible loss of data
c:\users\user\desktop\today4thyearproj\4thyearproj\ai_lab1\ai_lab1\game.cpp(402): warning C4244: 'argument': conversion from 'double' to 'float', possible loss of data
c:\users\user\desktop\today4thyearproj\4thyearproj\ai_lab1\ai_lab1\game.cpp(409): warning C4244: 'argument': conversion from 'double' to 'float', possible loss of data
c:\users\user\desktop\today4thyearproj\4thyearproj\ai_lab1\ai_lab1\game.cpp(554): warning C4305: 'argument': truncation from 'double' to 'float'
  Enemy.cpp
c:\users\user\desktop\today4thyearproj\4thyearproj\ai_lab1\ai_lab1\enemy.cpp(48): warning C4244: '=': conversion from 'int' to 'float', possible loss of data
c:\users\user\desktop\today4thyearproj\4thyearproj\ai_lab1\ai_lab1\enemy.cpp(139): warning C4244: 'return': conversion from 'double' to 'float', possible loss of data
c:\users\user\desktop\today4thyearproj\4thyearproj\ai_lab1\ai_lab1\enemy.cpp(177): warning C4244: '=': conversion from 'int' to 'float', possible loss of data
c:\users\user\desktop\today4thyearproj\4thyearproj\ai_lab1\ai_lab1\enemy.cpp(178): warning C4244: 'argument': conversion from 'int' to 'float', possible loss of data
c:\users\user\desktop\today4thyearproj\4thyearproj\ai_lab1\ai_lab1\enemy.cpp(180): warning C4305: 'argument': truncation from 'double' to 'float'
c:\users\user\desktop\today4thyearproj\4thyearproj\ai_lab1\ai_lab1\enemy.cpp(190): warning C4305: 'argument': truncation from 'double' to 'float'
  Bullet.cpp
  Generating Code...
sfml-graphics-d.lib(sfml-graphics-d-2.dll) : fatal error LNK1112: module machine type 'x86' conflicts with target machine type 'x64'
